<?xml version="1.0" encoding="UTF-8"?>
<!-- Generated by org.testng.reporters.JUnitXMLReporter -->
<testsuite hostname="DICVUVAN" name="Default test" tests="10" failures="0" timestamp="11 Mar 2020 08:46:55 GMT" time="504.814" errors="0">
  <testcase name="login" time="41.299" classname="Test.RecipeLibTest"/>
  <testcase name="login" time="43.979" classname="Test.RecipeLibTest"/>
  <testcase name="login" time="38.395" classname="Test.RecipeLibTest"/>
  <testcase name="login" time="42.816" classname="Test.RecipeLibTest"/>
  <testcase name="login" time="36.712" classname="Test.RecipeLibTest"/>
  <testcase name="login" time="36.758" classname="Test.RecipeLibTest"/>
  <testcase name="login" time="40.064" classname="Test.RecipeLibTest"/>
  <testcase name="login" time="40.899" classname="Test.RecipeLibTest"/>
  <testcase name="login" time="40.52" classname="Test.RecipeLibTest"/>
  <testcase name="login" time="42.453" classname="Test.RecipeLibTest"/>
</testsuite> <!-- Default test -->
